<?xml version="1.0" encoding="UTF-8"?>
<!-- Generated by org.testng.reporters.JUnitReportReporter -->
<testsuite skipped="0" hostname="DESKTOP-8N8BD9R" name="framework.pages.LoginPage" tests="1" failures="0" timestamp="2020-08-09T10:36:26 IST" time="18.915" errors="0">
  <testcase name="user_login" time="18.915" classname="framework.pages.LoginPage"/>
  <system-out/>
</testsuite> <!-- framework.pages.LoginPage -->
