<?xml version="1.0" encoding="UTF-8"?>
<!-- Generated by org.testng.reporters.JUnitReportReporter -->
<testsuite skipped="0" hostname="DESKTOP-8N8BD9R" name="framework.testcases.TC002_Search_Product" tests="1" failures="0" timestamp="2020-08-30T08:54:41 IST" time="1.640" errors="0">
  <testcase name="search_product" time="1.640" classname="framework.testcases.TC002_Search_Product"/>
  <system-out/>
</testsuite> <!-- framework.testcases.TC002_Search_Product -->
