<?xml version="1.0" encoding="UTF-8"?>
<!-- Generated by org.testng.reporters.JUnitReportReporter -->
<testsuite skipped="0" hostname="DESKTOP-8N8BD9R" name="framework.testcases.TC002_LoginTest" tests="1" failures="0" timestamp="2020-08-15T10:19:59 IST" time="21.088" errors="0">
  <testcase name="user_login" time="21.088" classname="framework.testcases.TC002_LoginTest"/>
  <system-out/>
</testsuite> <!-- framework.testcases.TC002_LoginTest -->
