<?xml version="1.0" encoding="UTF-8"?>
<!-- Generated by org.testng.reporters.JUnitReportReporter -->
<testsuite skipped="0" hostname="DESKTOP-8N8BD9R" name="framework.testcases.TC001_Login" tests="1" failures="0" timestamp="2020-08-29T10:59:33 IST" time="7.613" errors="0">
  <testcase name="user_login" time="7.613" classname="framework.testcases.TC001_Login"/>
  <system-out/>
</testsuite> <!-- framework.testcases.TC001_Login -->
